[INFO] 12:37:18:427 KERNEL/(4966:4966): Comienza a ejecutar el proceso Kernel
[INFO] 12:45:49:577 KERNEL/(5032:5032): Comienza a ejecutar el proceso Kernel
[INFO] 12:47:56:309 KERNEL/(5095:5095): Comienza a ejecutar el proceso Kernel
[INFO] 12:57:47:982 KERNEL/(5242:5242): Comienza a ejecutar el proceso Kernel
[ERROR] 12:57:57:744 KERNEL/(5242:5242): Error al cargar archivo de configuración.
[INFO] 12:58:39:949 KERNEL/(5303:5303): Comienza a ejecutar el proceso Kernel
[INFO] 13:20:29:383 KERNEL/(5996:5996): Comienza a ejecutar el proceso Kernel
[INFO] 13:21:36:140 KERNEL/(6061:6061): Comienza a ejecutar el proceso Kernel
[INFO] 13:40:54:53 KERNEL/(6428:6428): Comienza a ejecutar el proceso Kernel
[INFO] 14:06:29:668 KERNEL/(6829:6829): Comienza a ejecutar el proceso Kernel
[INFO] 14:09:52:253 KERNEL/(6966:6966): Comienza a ejecutar el proceso Kernel
[INFO] 14:30:15:286 KERNEL/(7528:7528): Comienza a ejecutar el proceso Kernel
[INFO] 21:46:13:947 KERNEL/(9380:9380): Comienza a ejecutar el proceso Kernel
[INFO] 21:49:53:978 KERNEL/(9645:9645): Comienza a ejecutar el proceso Kernel
[INFO] 21:54:34:233 KERNEL/(10061:10061): Comienza a ejecutar el proceso Kernel
[INFO] 21:56:22:738 KERNEL/(10233:10233): Comienza a ejecutar el proceso Kernel
[INFO] 21:59:10:185 KERNEL/(10388:10388): Comienza a ejecutar el proceso Kernel
[INFO] 22:00:02:571 KERNEL/(10506:10506): Comienza a ejecutar el proceso Kernel
[INFO] 22:03:31:916 KERNEL/(10741:10741): Comienza a ejecutar el proceso Kernel
[INFO] 22:09:22:332 KERNEL/(11069:11069): Comienza a ejecutar el proceso Kernel
[INFO] 22:12:20:621 KERNEL/(11284:11284): Comienza a ejecutar el proceso Kernel
[INFO] 22:17:22:444 KERNEL/(11638:11638): Comienza a ejecutar el proceso Kernel
[INFO] 22:28:29:186 KERNEL/(11963:11963): Comienza a ejecutar el proceso Kernel
[INFO] 22:31:33:858 KERNEL/(12180:12180): Comienza a ejecutar el proceso Kernel
[INFO] 22:32:54:279 KERNEL/(12348:12348): Comienza a ejecutar el proceso Kernel
[INFO] 22:34:38:345 KERNEL/(12607:12607): Comienza a ejecutar el proceso Kernel
[INFO] 22:38:43:524 KERNEL/(12930:12930): Comienza a ejecutar el proceso Kernel
[INFO] 22:49:26:33 KERNEL/(13413:13413): Comienza a ejecutar el proceso Kernel
[INFO] 22:49:47:463 KERNEL/(13413:13420): El Cpu 5 se conectó.
[INFO] 22:49:47:463 KERNEL/(13413:13420): El Cpu 5 cerró la conexión.
[INFO] 22:50:30:758 KERNEL/(13501:13501): Comienza a ejecutar el proceso Kernel
[INFO] 22:50:40:645 KERNEL/(13530:13530): Comienza a ejecutar el proceso Kernel
[INFO] 22:50:41:504 KERNEL/(13552:13552): Comienza a ejecutar el proceso Kernel
[INFO] 22:51:07:139 KERNEL/(13596:13596): Comienza a ejecutar el proceso Kernel
[INFO] 22:51:23:835 KERNEL/(13596:13603): El Cpu 5 se conectó.
[INFO] 22:51:33:396 KERNEL/(13596:13603): El Cpu 5 cerró la conexión.
[INFO] 22:53:38:925 KERNEL/(13740:13740): Comienza a ejecutar el proceso Kernel
[INFO] 22:54:51:948 KERNEL/(13740:13747): El Cpu 5 se conectó.
[INFO] 22:55:07:889 KERNEL/(13740:13747): El Cpu 5 cerró la conexión.
[INFO] 23:05:23:742 KERNEL/(14000:14000): Comienza a ejecutar el proceso Kernel
[INFO] 23:05:50:699 KERNEL/(14000:14007): La consola 5 se conectó.
[INFO] 23:06:04:367 KERNEL/(14000:14007): La Consola 5 cerró la conexión.
